2025-07-31 23:42:34  [INFO]  Processing regency: Sleman (Province ID: 12bba251-7eb0-4157-a6e1-0bfdbf0e0595)
2025-07-31 23:42:34  [INFO]  Trying URL: https://slemankab.bps.go.id/id/statistics-table?subject=519
2025-07-31 23:42:37  [INFO]  Found popup, clicking 'Tutup' button to close it
2025-07-31 23:42:41  [INFO]  Found matching row with keywords: 9	
Jumlah Penduduk Menurut Kecamatan dan Jenis Kelamin di Kabupaten Sleman (Jiwa), 2020 - 2027
	23 Jul 2024
2025-07-31 23:42:41  [INFO]  Clicking matching row on slemankab
2025-07-31 23:42:44  [INFO]  Navigated to data page: https://slemankab.bps.go.id/id/statistics-table/2/ODAjMg==/jumlah-penduduk-menurut-kecamatan-dan-jenis-kelamin-di-kabupaten-sleman--jiwa-.html?year=2023
2025-07-31 23:42:47  [INFO]  Found Unduh button, clicking it
2025-07-31 23:42:50  [INFO]  Found CSV button, clicking it
2025-07-31 23:43:20  [INFO]  ⚠️ Failed to trigger CSV download: Timeout 30000ms exceeded while waiting for event "download"
=========================== logs ===========================
waiting for event "download"
============================================================
2025-07-31 23:43:40  [INFO]  Trying URL: https://slemankota.bps.go.id/id/statistics-table?subject=519
2025-07-31 23:43:40  [INFO]  ⚠️ Failed to access https://slemankota.bps.go.id/id/statistics-table?subject=519: Page.goto: net::ERR_NAME_NOT_RESOLVED at https://slemankota.bps.go.id/id/statistics-table?subject=519
Call log:
  - navigating to "https://slemankota.bps.go.id/id/statistics-table?subject=519", waiting until "load"

2025-07-31 23:43:50  [INFO]  🔍 No valid data found for Sleman, skipping...

2025-07-31 23:43:50  [INFO]  Processing regency: Gunungkidul (Province ID: 12bba251-7eb0-4157-a6e1-0bfdbf0e0595)
2025-07-31 23:43:50  [INFO]  Trying URL: https://gunungkidulkab.bps.go.id/id/statistics-table?subject=519
2025-07-31 23:43:52  [INFO]  Found popup, clicking 'Tutup' button to close it
2025-07-31 23:43:58  [INFO]  Found matching row with keywords: 1	
Rasio Jenis Kelamin menurut Kecamatan, 2015 - 2024
	5 Jun 2025
2025-07-31 23:43:58  [INFO]  Clicking matching row on gunungkidulkab
2025-07-31 23:44:01  [INFO]  Navigated to data page: https://gunungkidulkab.bps.go.id/id/statistics-table/2/MjkxIzI=/rasio-jenis-kelamin-menurut-kecamatan.html?year=2023
2025-07-31 23:44:04  [INFO]  Found Unduh button, clicking it
2025-07-31 23:44:06  [INFO]  Found CSV button, clicking it
2025-07-31 23:44:35  [INFO]  ⚠️ Failed to trigger CSV download: Target page, context or browser has been closed
=========================== logs ===========================
waiting for event "download"
============================================================
