2025-07-31 23:50:31  [INFO]  Processing regency: Sleman (Province ID: 12bba251-7eb0-4157-a6e1-0bfdbf0e0595)
2025-07-31 23:50:31  [INFO]  Trying URL: https://slemankab.bps.go.id/id/statistics-table?subject=519
2025-07-31 23:50:34  [INFO]  Found popup, clicking 'Tutup' button to close it
2025-07-31 23:50:38  [INFO]  Found matching row with keywords: 9	
Jumlah Penduduk Menurut Kecamatan dan Jenis Kelamin di Kabupaten Sleman (Jiwa), 2020 - 2027
	23 Jul 2024
2025-07-31 23:50:38  [INFO]  Clicking matching row on slemankab
2025-07-31 23:50:41  [INFO]  Navigated to data page: https://slemankab.bps.go.id/id/statistics-table/2/ODAjMg==/jumlah-penduduk-menurut-kecamatan-dan-jenis-kelamin-di-kabupaten-sleman--jiwa-.html
2025-07-31 23:50:41  [INFO]  Found year dropdown, clicking to open it
2025-07-31 23:50:42  [INFO]  Failed to change year to 2023: Locator.is_visible: Error: strict mode violation: locator("div:has-text('2023')") resolved to 13 elements:
    1) <div class="mx-4 md:mx-8 lg:mx-12 xl:mx-20 2xl:mx-36 py-8">…</div> aka locator("div").filter(has_text="BerandaProduk - Tabel").first
    2) <div class="mt-8 flex flex-col-reverse lg:flex-row gap-8">…</div> aka locator("div").filter(has_text="SubjekStatistik Demografi dan").nth(1)
    3) <div class="w-full lg:w-9/12 lg:mt-[3.25rem]">…</div> aka locator(".w-full.lg\\:w-9\\/12")
    4) <div class="bg-white rounded-xl p-4">…</div> aka locator(".bg-white.rounded-xl").first
    5) <div class="flex flex-col flex-nowrap gap-4">…</div> aka locator(".flex.flex-col.flex-nowrap").first
    6) <div class="flex flex-row gap-2 justify-between">…</div> aka locator(".flex.flex-row.gap-2")
    7) <div class="min-w-[8rem] max-w-full">…</div> aka locator(".min-w-\\[8rem\\]")
    8) <div class="focus:outline-none css-b62m3t-container">…</div> aka locator(".focus\\:outline-none.css-b62m3t-container")
    9) <div class="css-8aqfg3-menu">…</div> aka locator("div").filter(has_text=re.compile(r"^20272026202520242023202220212020$")).first
    10) <div role="listbox" class="css-qr46ko" id="react-select-3-listbox" aria-multiselectable="false">…</div> aka get_by_text("20272026202520242023202220212020")
    ...

Call log:
    - checking visibility of locator("div:has-text('2023')")

2025-07-31 23:50:42  [INFO]  Found Unduh button, clicking it
2025-07-31 23:50:45  [INFO]  Found CSV button, clicking it
2025-07-31 23:51:15  [INFO]  ⚠️ Failed to trigger CSV download: Timeout 30000ms exceeded while waiting for event "download"
=========================== logs ===========================
waiting for event "download"
============================================================
