2025-07-31 23:25:18  [INFO]  Processing regency: Sleman (Province ID: 12bba251-7eb0-4157-a6e1-0bfdbf0e0595)
2025-07-31 23:25:18  [INFO]  Trying URL: https://slemankab.bps.go.id/id/statistics-table?subject=519
2025-07-31 23:25:21  [INFO]  No matching 'rasio' row found in slemankab
2025-07-31 23:25:31  [INFO]  Trying URL: https://slemankota.bps.go.id/id/statistics-table?subject=519
2025-07-31 23:25:31  [INFO]  ⚠️ Failed to access https://slemankota.bps.go.id/id/statistics-table?subject=519: Page.goto: net::ERR_NAME_NOT_RESOLVED at https://slemankota.bps.go.id/id/statistics-table?subject=519
Call log:
  - navigating to "https://slemankota.bps.go.id/id/statistics-table?subject=519", waiting until "load"

2025-07-31 23:25:41  [INFO]  🔍 No valid data found for Sleman, skipping...

2025-07-31 23:25:41  [INFO]  Processing regency: Gunungkidul (Province ID: 12bba251-7eb0-4157-a6e1-0bfdbf0e0595)
2025-07-31 23:25:41  [INFO]  Trying URL: https://gunungkidulkab.bps.go.id/id/statistics-table?subject=519
2025-07-31 23:25:44  [INFO]  No matching 'rasio' row found in gunungkidulkab
2025-07-31 23:25:54  [INFO]  Trying URL: https://gunungkidulkota.bps.go.id/id/statistics-table?subject=519
2025-07-31 23:25:54  [INFO]  ⚠️ Failed to access https://gunungkidulkota.bps.go.id/id/statistics-table?subject=519: Page.goto: net::ERR_NAME_NOT_RESOLVED at https://gunungkidulkota.bps.go.id/id/statistics-table?subject=519
Call log:
  - navigating to "https://gunungkidulkota.bps.go.id/id/statistics-table?subject=519", waiting until "load"

2025-07-31 23:26:04  [INFO]  🔍 No valid data found for Gunungkidul, skipping...

2025-07-31 23:26:04  [INFO]  Processing regency: Bantul (Province ID: 12bba251-7eb0-4157-a6e1-0bfdbf0e0595)
2025-07-31 23:26:04  [INFO]  Trying URL: https://bantulkab.bps.go.id/id/statistics-table?subject=519
2025-07-31 23:26:06  [INFO]  No matching 'rasio' row found in bantulkab
2025-07-31 23:26:16  [INFO]  Trying URL: https://bantulkota.bps.go.id/id/statistics-table?subject=519
2025-07-31 23:26:17  [INFO]  ⚠️ Failed to access https://bantulkota.bps.go.id/id/statistics-table?subject=519: Page.goto: net::ERR_NAME_NOT_RESOLVED at https://bantulkota.bps.go.id/id/statistics-table?subject=519
Call log:
  - navigating to "https://bantulkota.bps.go.id/id/statistics-table?subject=519", waiting until "load"

2025-07-31 23:26:27  [INFO]  🔍 No valid data found for Bantul, skipping...

2025-07-31 23:26:27  [INFO]  Processing regency: Kota Yogyakarta (Province ID: 12bba251-7eb0-4157-a6e1-0bfdbf0e0595)
2025-07-31 23:26:27  [INFO]  Trying URL: https://kotayogyakartakab.bps.go.id/id/statistics-table?subject=519
2025-07-31 23:26:27  [INFO]  ⚠️ Failed to access https://kotayogyakartakab.bps.go.id/id/statistics-table?subject=519: Page.goto: net::ERR_NAME_NOT_RESOLVED at https://kotayogyakartakab.bps.go.id/id/statistics-table?subject=519
Call log:
  - navigating to "https://kotayogyakartakab.bps.go.id/id/statistics-table?subject=519", waiting until "load"

2025-07-31 23:26:37  [INFO]  Trying URL: https://kotayogyakartakota.bps.go.id/id/statistics-table?subject=519
2025-07-31 23:26:37  [INFO]  ⚠️ Failed to access https://kotayogyakartakota.bps.go.id/id/statistics-table?subject=519: Page.goto: net::ERR_NAME_NOT_RESOLVED at https://kotayogyakartakota.bps.go.id/id/statistics-table?subject=519
Call log:
  - navigating to "https://kotayogyakartakota.bps.go.id/id/statistics-table?subject=519", waiting until "load"

2025-07-31 23:26:47  [INFO]  🔍 No valid data found for Kota Yogyakarta, skipping...

2025-07-31 23:26:47  [INFO]  Processing regency: Kulon Progo (Province ID: 12bba251-7eb0-4157-a6e1-0bfdbf0e0595)
2025-07-31 23:26:47  [INFO]  Trying URL: https://kulonprogokab.bps.go.id/id/statistics-table?subject=519
2025-07-31 23:26:49  [INFO]  No matching 'rasio' row found in kulonprogokab
2025-07-31 23:26:59  [INFO]  Trying URL: https://kulonprogokota.bps.go.id/id/statistics-table?subject=519
2025-07-31 23:27:00  [INFO]  ⚠️ Failed to access https://kulonprogokota.bps.go.id/id/statistics-table?subject=519: Page.goto: net::ERR_NAME_NOT_RESOLVED at https://kulonprogokota.bps.go.id/id/statistics-table?subject=519
Call log:
  - navigating to "https://kulonprogokota.bps.go.id/id/statistics-table?subject=519", waiting until "load"

2025-07-31 23:27:10  [INFO]  🔍 No valid data found for Kulon Progo, skipping...

2025-07-31 23:27:10  [INFO]  Processing regency: Halmahera Selatan (Province ID: 46e9b3b7-fc56-48b9-bfd3-19e3e8cab619)
2025-07-31 23:27:10  [INFO]  Trying URL: https://halmaheraselatankab.bps.go.id/id/statistics-table?subject=519
2025-07-31 23:27:12  [INFO]  No matching 'rasio' row found in halmaheraselatankab
2025-07-31 23:27:22  [INFO]  Trying URL: https://halmaheraselatankota.bps.go.id/id/statistics-table?subject=519
2025-07-31 23:27:22  [INFO]  ⚠️ Failed to access https://halmaheraselatankota.bps.go.id/id/statistics-table?subject=519: Page.goto: net::ERR_NAME_NOT_RESOLVED at https://halmaheraselatankota.bps.go.id/id/statistics-table?subject=519
Call log:
  - navigating to "https://halmaheraselatankota.bps.go.id/id/statistics-table?subject=519", waiting until "load"

2025-07-31 23:27:32  [INFO]  🔍 No valid data found for Halmahera Selatan, skipping...

2025-07-31 23:27:32  [INFO]  Processing regency: Halmahera Utara (Province ID: 46e9b3b7-fc56-48b9-bfd3-19e3e8cab619)
2025-07-31 23:27:32  [INFO]  Trying URL: https://halmaherautarakab.bps.go.id/id/statistics-table?subject=519
2025-07-31 23:27:32  [INFO]  ⚠️ Failed to access https://halmaherautarakab.bps.go.id/id/statistics-table?subject=519: Page.goto: net::ERR_NAME_NOT_RESOLVED at https://halmaherautarakab.bps.go.id/id/statistics-table?subject=519
Call log:
  - navigating to "https://halmaherautarakab.bps.go.id/id/statistics-table?subject=519", waiting until "load"

2025-07-31 23:27:42  [INFO]  Trying URL: https://halmaherautarakota.bps.go.id/id/statistics-table?subject=519
2025-07-31 23:27:43  [INFO]  ⚠️ Failed to access https://halmaherautarakota.bps.go.id/id/statistics-table?subject=519: Page.goto: net::ERR_NAME_NOT_RESOLVED at https://halmaherautarakota.bps.go.id/id/statistics-table?subject=519
Call log:
  - navigating to "https://halmaherautarakota.bps.go.id/id/statistics-table?subject=519", waiting until "load"

2025-07-31 23:27:53  [INFO]  🔍 No valid data found for Halmahera Utara, skipping...

2025-07-31 23:27:53  [INFO]  Processing regency: Halmahera Tengah (Province ID: 46e9b3b7-fc56-48b9-bfd3-19e3e8cab619)
2025-07-31 23:27:53  [INFO]  Trying URL: https://halmaheratengahkab.bps.go.id/id/statistics-table?subject=519
2025-07-31 23:27:53  [INFO]  ⚠️ Failed to access https://halmaheratengahkab.bps.go.id/id/statistics-table?subject=519: Page.goto: net::ERR_NAME_NOT_RESOLVED at https://halmaheratengahkab.bps.go.id/id/statistics-table?subject=519
Call log:
  - navigating to "https://halmaheratengahkab.bps.go.id/id/statistics-table?subject=519", waiting until "load"

2025-07-31 23:28:03  [INFO]  Trying URL: https://halmaheratengahkota.bps.go.id/id/statistics-table?subject=519
2025-07-31 23:28:03  [INFO]  ⚠️ Failed to access https://halmaheratengahkota.bps.go.id/id/statistics-table?subject=519: Page.goto: net::ERR_NAME_NOT_RESOLVED at https://halmaheratengahkota.bps.go.id/id/statistics-table?subject=519
Call log:
  - navigating to "https://halmaheratengahkota.bps.go.id/id/statistics-table?subject=519", waiting until "load"

2025-07-31 23:28:13  [INFO]  🔍 No valid data found for Halmahera Tengah, skipping...

2025-07-31 23:28:13  [INFO]  Processing regency: Halmahera Barat (Province ID: 46e9b3b7-fc56-48b9-bfd3-19e3e8cab619)
2025-07-31 23:28:13  [INFO]  Trying URL: https://halmaherabaratkab.bps.go.id/id/statistics-table?subject=519
2025-07-31 23:28:14  [INFO]  ⚠️ Failed to access https://halmaherabaratkab.bps.go.id/id/statistics-table?subject=519: Page.goto: net::ERR_NAME_NOT_RESOLVED at https://halmaherabaratkab.bps.go.id/id/statistics-table?subject=519
Call log:
  - navigating to "https://halmaherabaratkab.bps.go.id/id/statistics-table?subject=519", waiting until "load"

2025-07-31 23:28:24  [INFO]  Trying URL: https://halmaherabaratkota.bps.go.id/id/statistics-table?subject=519
2025-07-31 23:28:24  [INFO]  ⚠️ Failed to access https://halmaherabaratkota.bps.go.id/id/statistics-table?subject=519: Page.goto: net::ERR_NAME_NOT_RESOLVED at https://halmaherabaratkota.bps.go.id/id/statistics-table?subject=519
Call log:
  - navigating to "https://halmaherabaratkota.bps.go.id/id/statistics-table?subject=519", waiting until "load"

2025-07-31 23:28:34  [INFO]  🔍 No valid data found for Halmahera Barat, skipping...

2025-07-31 23:28:34  [INFO]  Processing regency: Kota Tidore Kepulauan (Province ID: 46e9b3b7-fc56-48b9-bfd3-19e3e8cab619)
2025-07-31 23:28:34  [INFO]  Trying URL: https://kotatidorekepulauankab.bps.go.id/id/statistics-table?subject=519
2025-07-31 23:28:34  [INFO]  ⚠️ Failed to access https://kotatidorekepulauankab.bps.go.id/id/statistics-table?subject=519: Page.goto: net::ERR_NAME_NOT_RESOLVED at https://kotatidorekepulauankab.bps.go.id/id/statistics-table?subject=519
Call log:
  - navigating to "https://kotatidorekepulauankab.bps.go.id/id/statistics-table?subject=519", waiting until "load"

2025-07-31 23:28:44  [INFO]  Trying URL: https://kotatidorekepulauankota.bps.go.id/id/statistics-table?subject=519
2025-07-31 23:28:44  [INFO]  ⚠️ Failed to access https://kotatidorekepulauankota.bps.go.id/id/statistics-table?subject=519: Page.goto: net::ERR_NAME_NOT_RESOLVED at https://kotatidorekepulauankota.bps.go.id/id/statistics-table?subject=519
Call log:
  - navigating to "https://kotatidorekepulauankota.bps.go.id/id/statistics-table?subject=519", waiting until "load"

2025-07-31 23:28:54  [INFO]  🔍 No valid data found for Kota Tidore Kepulauan, skipping...

2025-07-31 23:28:54  [INFO]  Processing regency: Pulau Taliabu (Province ID: 46e9b3b7-fc56-48b9-bfd3-19e3e8cab619)
2025-07-31 23:28:54  [INFO]  Trying URL: https://pulautaliabukab.bps.go.id/id/statistics-table?subject=519
2025-07-31 23:28:55  [INFO]  ⚠️ Failed to access https://pulautaliabukab.bps.go.id/id/statistics-table?subject=519: Page.goto: net::ERR_NAME_NOT_RESOLVED at https://pulautaliabukab.bps.go.id/id/statistics-table?subject=519
Call log:
  - navigating to "https://pulautaliabukab.bps.go.id/id/statistics-table?subject=519", waiting until "load"

2025-07-31 23:29:05  [INFO]  Trying URL: https://pulautaliabukota.bps.go.id/id/statistics-table?subject=519
2025-07-31 23:29:05  [INFO]  ⚠️ Failed to access https://pulautaliabukota.bps.go.id/id/statistics-table?subject=519: Page.goto: net::ERR_NAME_NOT_RESOLVED at https://pulautaliabukota.bps.go.id/id/statistics-table?subject=519
Call log:
  - navigating to "https://pulautaliabukota.bps.go.id/id/statistics-table?subject=519", waiting until "load"

2025-07-31 23:29:15  [INFO]  🔍 No valid data found for Pulau Taliabu, skipping...

2025-07-31 23:29:15  [INFO]  Processing regency: Kota Ternate (Province ID: 46e9b3b7-fc56-48b9-bfd3-19e3e8cab619)
2025-07-31 23:29:15  [INFO]  Trying URL: https://kotaternatekab.bps.go.id/id/statistics-table?subject=519
2025-07-31 23:29:15  [INFO]  ⚠️ Failed to access https://kotaternatekab.bps.go.id/id/statistics-table?subject=519: Page.goto: net::ERR_NAME_NOT_RESOLVED at https://kotaternatekab.bps.go.id/id/statistics-table?subject=519
Call log:
  - navigating to "https://kotaternatekab.bps.go.id/id/statistics-table?subject=519", waiting until "load"

2025-07-31 23:29:25  [INFO]  Trying URL: https://kotaternatekota.bps.go.id/id/statistics-table?subject=519
2025-07-31 23:29:25  [INFO]  ⚠️ Failed to access https://kotaternatekota.bps.go.id/id/statistics-table?subject=519: Page.goto: net::ERR_NAME_NOT_RESOLVED at https://kotaternatekota.bps.go.id/id/statistics-table?subject=519
Call log:
  - navigating to "https://kotaternatekota.bps.go.id/id/statistics-table?subject=519", waiting until "load"

2025-07-31 23:29:35  [INFO]  🔍 No valid data found for Kota Ternate, skipping...

2025-07-31 23:29:35  [INFO]  Processing regency: Pulau Morotai (Province ID: 46e9b3b7-fc56-48b9-bfd3-19e3e8cab619)
2025-07-31 23:29:35  [INFO]  Trying URL: https://pulaumorotaikab.bps.go.id/id/statistics-table?subject=519
2025-07-31 23:29:36  [INFO]  ⚠️ Failed to access https://pulaumorotaikab.bps.go.id/id/statistics-table?subject=519: Page.goto: net::ERR_NAME_NOT_RESOLVED at https://pulaumorotaikab.bps.go.id/id/statistics-table?subject=519
Call log:
  - navigating to "https://pulaumorotaikab.bps.go.id/id/statistics-table?subject=519", waiting until "load"

2025-07-31 23:29:46  [INFO]  Trying URL: https://pulaumorotaikota.bps.go.id/id/statistics-table?subject=519
2025-07-31 23:29:46  [INFO]  ⚠️ Failed to access https://pulaumorotaikota.bps.go.id/id/statistics-table?subject=519: Page.goto: net::ERR_NAME_NOT_RESOLVED at https://pulaumorotaikota.bps.go.id/id/statistics-table?subject=519
Call log:
  - navigating to "https://pulaumorotaikota.bps.go.id/id/statistics-table?subject=519", waiting until "load"

