2025-07-31 23:58:40  [INFO]  Processing regency: Sleman (Province ID: 12bba251-7eb0-4157-a6e1-0bfdbf0e0595)
2025-07-31 23:58:40  [INFO]  Trying URL: https://slemankab.bps.go.id/id/statistics-table?subject=519
2025-07-31 23:58:42  [INFO]  Found popup, clicking 'Tutup' button to close it
2025-07-31 23:58:47  [INFO]  Found matching row with keywords: 9	
Jumlah Penduduk Menurut Kecamatan dan Jenis Kelamin di Kabupaten Sleman (Jiwa), 2020 - 2027
	23 Jul 2024
2025-07-31 23:58:47  [INFO]  Clicking matching row on slemankab
2025-07-31 23:58:50  [INFO]  Navigated to data page: https://slemankab.bps.go.id/id/statistics-table/2/ODAjMg==/jumlah-penduduk-menurut-kecamatan-dan-jenis-kelamin-di-kabupaten-sleman--jiwa-.html
2025-07-31 23:58:50  [INFO]  Found year dropdown, clicking to open it
2025-07-31 23:58:51  [INFO]  Failed to change year to 2023: Locator.is_visible: Error: strict mode violation: locator("div.css-8aqfg3-menu div:has-text('2023')") resolved to 2 elements:
    1) <div role="listbox" class="css-qr46ko" id="react-select-3-listbox" aria-multiselectable="false">…</div> aka get_by_text("20272026202520242023202220212020")
    2) <div tabindex="-1" role="option" aria-disabled="false" aria-selected="false" class="css-10wo9uf-option" id="react-select-3-option-4">2023</div> aka get_by_role("option", name="2023")

Call log:
    - checking visibility of locator("div.css-8aqfg3-menu div:has-text('2023')")

2025-07-31 23:58:51  [INFO]  Found Unduh button, clicking it
2025-07-31 23:58:53  [INFO]  Found CSV button, clicking it
2025-07-31 23:58:58  [INFO]  ✅ CSV download triggered for Sleman - check browser downloads
2025-07-31 23:59:18  [INFO]  Processing regency: Gunungkidul (Province ID: 12bba251-7eb0-4157-a6e1-0bfdbf0e0595)
2025-07-31 23:59:18  [INFO]  Trying URL: https://gunungkidulkab.bps.go.id/id/statistics-table?subject=519
2025-07-31 23:59:20  [INFO]  Found popup, clicking 'Tutup' button to close it
2025-07-31 23:59:25  [INFO]  Found matching row with keywords: 1	
Rasio Jenis Kelamin menurut Kecamatan, 2015 - 2024
	5 Jun 2025
2025-07-31 23:59:25  [INFO]  Clicking matching row on gunungkidulkab
2025-07-31 23:59:28  [INFO]  Navigated to data page: https://gunungkidulkab.bps.go.id/id/statistics-table/2/MjkxIzI=/rasio-jenis-kelamin-menurut-kecamatan.html
2025-07-31 23:59:28  [INFO]  Found year dropdown, clicking to open it
2025-07-31 23:59:29  [INFO]  Failed to change year to 2023: Locator.is_visible: Error: strict mode violation: locator("div.css-8aqfg3-menu div:has-text('2023')") resolved to 2 elements:
    1) <div role="listbox" class="css-qr46ko" id="react-select-3-listbox" aria-multiselectable="false">…</div> aka get_by_text("20242023202220212020201720162015")
    2) <div tabindex="-1" role="option" aria-disabled="false" aria-selected="false" class="css-10wo9uf-option" id="react-select-3-option-1">2023</div> aka get_by_role("option", name="2023")

Call log:
    - checking visibility of locator("div.css-8aqfg3-menu div:has-text('2023')")

2025-07-31 23:59:29  [INFO]  Found Unduh button, clicking it
2025-07-31 23:59:31  [INFO]  Found CSV button, clicking it
2025-07-31 23:59:36  [INFO]  ✅ CSV download triggered for Gunungkidul - check browser downloads
2025-07-31 23:59:56  [INFO]  Processing regency: Bantul (Province ID: 12bba251-7eb0-4157-a6e1-0bfdbf0e0595)
2025-07-31 23:59:56  [INFO]  Trying URL: https://bantulkab.bps.go.id/id/statistics-table?subject=519
2025-07-31 23:59:59  [INFO]  Found popup, clicking 'Tutup' button to close it
2025-08-01 00:00:04  [INFO]  Found matching row with keywords: 1	
Banyaknya Peserta KB Aktif menurut Metode Kontrasepsi per Kecamatan di Kabupaten Bantul, 2024
	28 Apr 2025
2025-08-01 00:00:04  [INFO]  Clicking matching row on bantulkab
2025-08-01 00:00:07  [INFO]  Navigated to data page: https://bantulkab.bps.go.id/id/statistics-table/1/ODMxIzE=/banyaknya-peserta-kb-aktif-menurut-metode-kontrasepsi-per-kecamatan-di-kabupaten-bantul--2024.html
2025-08-01 00:00:07  [INFO]  Neither dropdown nor 2023 button found
2025-08-01 00:00:07  [INFO]  Found Unduh button, clicking it
2025-08-01 00:00:09  [INFO]  Found CSV button, clicking it
2025-08-01 00:00:14  [INFO]  ✅ CSV download triggered for Bantul - check browser downloads
2025-08-01 00:00:34  [INFO]  Processing regency: Kota Yogyakarta (Province ID: 12bba251-7eb0-4157-a6e1-0bfdbf0e0595)
2025-08-01 00:00:34  [INFO]  Trying URL: https://kotayogyakartakab.bps.go.id/id/statistics-table?subject=519
2025-08-01 00:00:34  [INFO]  ⚠️ Failed to access https://kotayogyakartakab.bps.go.id/id/statistics-table?subject=519: Page.goto: Target page, context or browser has been closed
